TN:
SF:codigo.js
FN:2,geradorDeTagsDeIdentificacao
FN:7,verificarSePodeSerAdotado
FN:29,calcularConsumoDeRacao
FN:35,decidirTipoDeAtividadePorPorte
FN:49,buscarDadoAsync
FNF:5
FNH:5
FNDA:1,geradorDeTagsDeIdentificacao
FNDA:5,verificarSePodeSerAdotado
FNDA:1,calcularConsumoDeRacao
FNDA:4,decidirTipoDeAtividadePorPorte
FNDA:1,buscarDadoAsync
DA:1,1
DA:2,1
DA:3,1
DA:4,1
DA:5,1
DA:6,1
DA:7,5
DA:8,5
DA:9,5
DA:10,1
DA:11,5
DA:12,1
DA:13,1
DA:14,1
DA:15,0
DA:16,0
DA:17,5
DA:18,2
DA:19,1
DA:20,1
DA:21,1
DA:22,1
DA:23,5
DA:24,1
DA:25,5
DA:26,5
DA:27,1
DA:28,1
DA:29,1
DA:30,1
DA:31,1
DA:32,1
DA:33,1
DA:34,1
DA:35,4
DA:36,4
DA:37,4
DA:38,1
DA:39,4
DA:40,1
DA:41,4
DA:42,1
DA:43,4
DA:44,1
DA:45,4
DA:46,4
DA:47,1
DA:48,1
DA:49,1
DA:50,1
DA:51,1
DA:52,1
DA:59,1
LF:53
LH:51
BRDA:2,0,0,1
BRDA:7,1,0,5
BRDA:9,2,0,1
BRDA:11,3,0,1
BRDA:14,4,0,0
BRDA:17,5,0,2
BRDA:18,6,0,1
BRDA:23,7,0,1
BRDA:29,8,0,1
BRDA:35,9,0,4
BRDA:37,10,0,1
BRDA:39,11,0,1
BRDA:41,12,0,1
BRDA:43,13,0,1
BRDA:49,14,0,1
BRF:15
BRH:14
end_of_record
