TN:
SF:codigo.js
FN:2,geradorDeTagsDeIdentificacao
FN:7,verificarSePodeSerAdotado
FN:29,calcularConsumoDeRacao
FN:35,decidirTipoDeAtividadePorPorte
FN:49,buscarDadoAsync
FNF:5
FNH:5
FNDA:1,geradorDeTagsDeIdentificacao
FNDA:1,verificarSePodeSerAdotado
FNDA:1,calcularConsumoDeRacao
FNDA:1,decidirTipoDeAtividadePorPorte
FNDA:1,buscarDadoAsync
DA:1,1
DA:2,1
DA:3,1
DA:4,1
DA:5,1
DA:6,1
DA:7,1
DA:8,1
DA:9,1
DA:10,0
DA:11,1
DA:12,1
DA:13,1
DA:14,1
DA:15,0
DA:16,0
DA:17,1
DA:18,0
DA:19,0
DA:20,0
DA:21,0
DA:22,0
DA:23,1
DA:24,0
DA:25,1
DA:26,1
DA:27,1
DA:28,1
DA:29,1
DA:30,1
DA:31,1
DA:32,1
DA:33,1
DA:34,1
DA:35,1
DA:36,1
DA:37,1
DA:38,1
DA:39,1
DA:40,0
DA:41,1
DA:42,0
DA:43,1
DA:44,0
DA:45,1
DA:46,1
DA:47,1
DA:48,1
DA:49,1
DA:50,1
DA:51,1
DA:52,1
DA:59,1
LF:53
LH:41
BRDA:2,0,0,1
BRDA:7,1,0,1
BRDA:9,2,0,0
BRDA:14,3,0,0
BRDA:17,4,0,0
BRDA:23,5,0,0
BRDA:29,6,0,1
BRDA:35,7,0,1
BRDA:39,8,0,0
BRDA:41,9,0,0
BRDA:43,10,0,0
BRDA:49,11,0,1
BRF:12
BRH:5
end_of_record
